00:11:53.008 [main] INFO  api.test.EmployeeTest - Creating Employeee
00:11:56.605 [main] INFO  api.test.EmployeeTest - Employee Created
00:11:56.606 [main] INFO  api.test.EmployeeTest - Validating Result in Post Request
00:11:56.633 [main] INFO  api.test.EmployeeTest - Getting Employeee Details
00:11:58.761 [main] INFO  api.test.EmployeeTest - Validating Results in GET Request
00:11:58.766 [main] INFO  api.test.EmployeeTest - Updating Employeee Details
00:12:00.853 [main] INFO  api.test.EmployeeTest - Validating Results in PUT Request
00:12:00.858 [main] INFO  api.test.EmployeeTest - Delation Employeee Details
00:12:02.949 [main] INFO  api.test.EmployeeTest - Validating Results in Delete Request
00:12:52.853 [main] INFO  api.test.EmployeeTest - Creating Employeee
00:12:56.398 [main] INFO  api.test.EmployeeTest - Employee Created
00:12:56.398 [main] INFO  api.test.EmployeeTest - Validating Result in Post Request
00:12:56.418 [main] INFO  api.test.EmployeeTest - Getting Employeee Details
00:12:58.509 [main] INFO  api.test.EmployeeTest - Validating Results in GET Request
00:12:58.518 [main] INFO  api.test.EmployeeTest - Updating Employeee Details
00:13:00.580 [main] INFO  api.test.EmployeeTest - Validating Results in PUT Request
00:13:00.585 [main] INFO  api.test.EmployeeTest - Delation Employeee Details
00:13:02.645 [main] INFO  api.test.EmployeeTest - Validating Results in Delete Request
18:51:41.173 [main] INFO  api.test.EmployeeTest2 - Creating Employeee
18:51:44.729 [main] INFO  api.test.EmployeeTest2 - Employee Created
18:51:44.729 [main] INFO  api.test.EmployeeTest2 - Validating Result in Post Request
18:51:44.748 [main] INFO  api.test.EmployeeTest2 - Getting Employeee Details
18:51:46.857 [main] INFO  api.test.EmployeeTest2 - Validating Results in GET Request
18:51:46.862 [main] INFO  api.test.EmployeeTest2 - Updating Employeee Details
18:51:48.913 [main] INFO  api.test.EmployeeTest2 - Validating Results in PUT Request
18:51:48.917 [main] INFO  api.test.EmployeeTest2 - Delation Employeee Details
18:51:50.996 [main] INFO  api.test.EmployeeTest2 - Validating Results in Delete Request
19:13:55.906 [main] INFO  api.test.EmployeeTest2 - Creating Employeee
19:13:59.361 [main] INFO  api.test.EmployeeTest2 - Employee Created
19:13:59.361 [main] INFO  api.test.EmployeeTest2 - Validating Result in Post Request
19:13:59.375 [main] INFO  api.test.EmployeeTest2 - Getting Employeee Details
19:14:01.472 [main] INFO  api.test.EmployeeTest2 - Validating Results in GET Request
19:14:01.476 [main] INFO  api.test.EmployeeTest2 - Updating Employeee Details
19:14:03.555 [main] INFO  api.test.EmployeeTest2 - Validating Results in PUT Request
19:14:03.558 [main] INFO  api.test.EmployeeTest2 - Delation Employeee Details
19:14:05.631 [main] INFO  api.test.EmployeeTest2 - Validating Results in Delete Request
19:25:43.934 [main] INFO  api.test.EmployeeTest2 - Creating Employeee
19:25:47.418 [main] INFO  api.test.EmployeeTest2 - Employee Created
19:25:47.418 [main] INFO  api.test.EmployeeTest2 - Validating Result in Post Request
19:25:47.442 [main] INFO  api.test.EmployeeTest2 - Getting Employeee Details
19:25:49.532 [main] INFO  api.test.EmployeeTest2 - Validating Results in GET Request
19:25:49.541 [main] INFO  api.test.EmployeeTest2 - Updating Employeee Details
19:25:51.622 [main] INFO  api.test.EmployeeTest2 - Validating Results in PUT Request
19:25:51.622 [main] INFO  api.test.EmployeeTest2 - Delation Employeee Details
19:25:53.712 [main] INFO  api.test.EmployeeTest2 - Validating Results in Delete Request
